18647218D880
186472190500
18647218D8A0
18647218D3A0
9C1C12860580
002542E0C0F7
9C1C12860960
9C1C1285E440
186472194420
186472193E40
001AEF36FDA8
186472193540
90610C1581CF
32417F9E096C
F8E903C042DC
186472192360
E08E3C00D080
1C872C7B0BE0
6C198FD051B0
002675D1DA08
F832E4517C38
E03F492A41B0
002675A0BA2C
00254280A0DF
E08E3C0575C2
3C1E040D76A4
18647218C140
002675D823C0
1864721901E0
1864721941C0
002675EB662A
002675B165ED
AC220B8DF0D2
AC9E17474E68
E46F1343BC60
04BD883ED140
E08E3C2427B2
C4E984D1C3DC
186472194680
D0052A50AFFA
7062B86CEF44
000B819EFDB9
002675E6D738
40167EA15ED0
E4F4C600640F
60A44CC5DC3E
C4E984E2CE70
000B819F28A2
E46F133F6668
002675DE5158
305A3A5E7618
002675A93148
3497F65D7770
F832E4776950
1864721941E0
40167E329060
18A6F7590A1C
186472193500
18647218D600
186472192520
40167EA40BB8
E08E3C1EACBE
D0052A4E5956
D0052A4E4A14
305A3AC20E20
002675D34FFC
14DDA999C5C8
94103ECB4EC6
48EE0C6CB54C
F8E903C38C74
002675F07740
0026754EB845
1864721942A0
186472191E20
18647218C3E0
E08E3C15AF97
186472193940
186472194500
18647218D1E0
186472192F40
186472194240
186472191360
002675A39008
7073CBB5E2E1
D017C2363B9C
54A0507977BA
E08E3C0886DC
EC086BF202C4
D463FE198239
E46F13FA7BEC
186472192B20
186472190620
186472193760
18647218C480
A42BB0B919F9
F4EC38B6E070
AC9E17E201FC
4CE676466F8C
F07959D72770
EC086BC8B114
C412F569959C
3497F65D73F8
002675CDF230
9C1C1285FA20
18647218D6C0
002675FE1AA0
AC9E1764DBA0
60A44CC67818
186472193CA0
002675F293C7
9C1C12860B00
1864721914A0
18647218DA40
186472193700
9C1C12860AC0
1864721905E0
186472191B20
F8E903C95408
9C1C12861E60
186472191BC0
0026759C4226
1C872CC6A1E0
160CC3F1C9F0
E8CC18F75BB4
